zyxwvutsrqponmlkjihgfedcba
Dato 1: z
Dato 2: y
Dato 3: x
wvutsrqponmlkjihgfedcba
Dato 4: n
Se ha extraído la letra 'm'
wvutsrqponlkjihgfedcba
Se ha extraído la última letra 'a'
wvutsrqponlkjihgfedcb
Se ha intercambiado primero y segundo de la lista
vwutsrqponlkjihgfedcb
Se han duplicado los elementos de la lista
vvwwuuttssrrqqppoonnllkkjjiihhggffeeddccbb
Se han eliminado los elementos pares de la lista
vwutsrqponlkjihgfedcb
Se han vuelto a eliminar los elementos pares de la lista
vusqoljhfdb
Se han movido los elementos impares de la lista
lista de impares: bfjosv
lista original: uqlhd
Se han movido los elementos impares de la lista de impares
lista de impares2: sjb
lista impares: fov
